Build started 2012-10-09 17:26:33.
     1>Project "D:\Studia\Semestr 9\Modelowanie i symulacja systemów\Laboratorium\StatisticsOfNumericalSequence\StatisticsOfNumericalSequence\StatisticsOfNumericalSequence.vcxproj" on node 2 (build target(s)).
     1>InitializeBuildStatus:
         Creating "Debug\StatisticsOfNumericalSequence.unsuccessfulbuild" because "AlwaysCreate" was specified.
       ClCompile:
         c:\Program Files\Microsoft Visual Studio 10.0\VC\bin\CL.exe /c /ZI /nologo /W3 /WX- /Od /Oy- /D WIN32 /D _DEBUG /D _CONSOLE /D _UNICODE /D UNICODE /Gm /EHsc /RTC1 /MDd /GS /fp:precise /Zc:wchar_t /Zc:forScope /Fo"Debug\\" /Fd"Debug\vc100.pdb" /Gd /TC /analyze- /errorReport:prompt main.c
         main.c
     1>d:\studia\semestr 9\modelowanie i symulacja systemów\laboratorium\statisticsofnumericalsequence\statisticsofnumericalsequence\main.c(17): warning C4996: 'scanf': This function or variable may be unsafe. Consider using scanf_s instead. To disable deprecation, use _CRT_SECURE_NO_WARNINGS. See online help for details.
                 c:\program files\microsoft visual studio 10.0\vc\include\stdio.h(304) : see declaration of 'scanf'
       ManifestResourceCompile:
         All outputs are up-to-date.
       Link:
         c:\Program Files\Microsoft Visual Studio 10.0\VC\bin\link.exe /ERRORREPORT:PROMPT /OUT:"D:\Studia\Semestr 9\Modelowanie i symulacja systemów\Laboratorium\StatisticsOfNumericalSequence\Debug\StatisticsOfNumericalSequence.exe" /INCREMENTAL /NOLOGO kernel32.lib user32.lib gdi32.lib winspool.lib comdlg32.lib advapi32.lib shell32.lib ole32.lib oleaut32.lib uuid.lib odbc32.lib odbccp32.lib /MANIFEST /ManifestFile:"Debug\StatisticsOfNumericalSequence.exe.intermediate.manifest" /MANIFESTUAC:"level='asInvoker' uiAccess='false'" /DEBUG /PDB:"D:\Studia\Semestr 9\Modelowanie i symulacja systemów\Laboratorium\StatisticsOfNumericalSequence\Debug\StatisticsOfNumericalSequence.pdb" /SUBSYSTEM:CONSOLE /TLBID:1 /DYNAMICBASE /NXCOMPAT /IMPLIB:"D:\Studia\Semestr 9\Modelowanie i symulacja systemów\Laboratorium\StatisticsOfNumericalSequence\Debug\StatisticsOfNumericalSequence.lib" /MACHINE:X86 Debug\StatisticsOfNumericalSequence.exe.embed.manifest.res
         Debug\main.obj
       Manifest:
         C:\Program Files\Microsoft SDKs\Windows\v7.0A\bin\mt.exe /nologo /verbose /out:"Debug\StatisticsOfNumericalSequence.exe.embed.manifest" /manifest Debug\StatisticsOfNumericalSequence.exe.intermediate.manifest
         All outputs are up-to-date.
       LinkEmbedManifest:
         All outputs are up-to-date.
         StatisticsOfNumericalSequence.vcxproj -> D:\Studia\Semestr 9\Modelowanie i symulacja systemów\Laboratorium\StatisticsOfNumericalSequence\Debug\StatisticsOfNumericalSequence.exe
       FinalizeBuildStatus:
         Deleting file "Debug\StatisticsOfNumericalSequence.unsuccessfulbuild".
         Touching "Debug\StatisticsOfNumericalSequence.lastbuildstate".
     1>Done Building Project "D:\Studia\Semestr 9\Modelowanie i symulacja systemów\Laboratorium\StatisticsOfNumericalSequence\StatisticsOfNumericalSequence\StatisticsOfNumericalSequence.vcxproj" (build target(s)).

Build succeeded.

Time Elapsed 00:00:00.71
